android/capacitor-cordova-android-plugins/build/intermediates/manifest_merge_blame_file/debug/manifest-merger-blame-debug-report.txt
1<?xml version="1.0" encoding="utf-8"?>
2<manifest xmlns:amazon="http://schemas.amazon.com/apk/res/android"
3    xmlns:android="http://schemas.android.com/apk/res/android"
4    package="capacitor.android.plugins" >
5
6    <uses-sdk
7        android:minSdkVersion="21"
7-->src/main/AndroidManifest.xml
8        android:targetSdkVersion="30" />
8-->src/main/AndroidManifest.xml
9
10    <uses-permission android:name="android.permission.WRITE_EXTERNAL_STORAGE" />
10-->src/main/AndroidManifest.xml:10:1-76
10-->src/main/AndroidManifest.xml:10:18-74
11
12    <queries>
12-->src/main/AndroidManifest.xml:11:1-25:11
13        <intent>
13-->src/main/AndroidManifest.xml:12:3-14:12
14            <action android:name="android.media.action.IMAGE_CAPTURE" />
14-->src/main/AndroidManifest.xml:13:5-64
14-->src/main/AndroidManifest.xml:13:13-62
15        </intent>
16        <intent>
16-->src/main/AndroidManifest.xml:15:3-17:12
17            <action android:name="android.intent.action.GET_CONTENT" />
17-->src/main/AndroidManifest.xml:16:5-63
17-->src/main/AndroidManifest.xml:16:13-61
18        </intent>
19        <intent>
19-->src/main/AndroidManifest.xml:18:3-20:12
20            <action android:name="android.intent.action.PICK" />
20-->src/main/AndroidManifest.xml:19:5-56
20-->src/main/AndroidManifest.xml:19:13-54
21        </intent>
22        <intent>
22-->src/main/AndroidManifest.xml:21:3-24:12
23            <action android:name="com.android.camera.action.CROP" />
23-->src/main/AndroidManifest.xml:22:5-60
23-->src/main/AndroidManifest.xml:22:13-58
24
25            <data
25-->src/main/AndroidManifest.xml:23:5-64
26                android:mimeType="image/*"
26-->src/main/AndroidManifest.xml:23:36-62
27                android:scheme="content" />
27-->src/main/AndroidManifest.xml:23:11-35
28        </intent>
29    </queries>
30
31    <application>
31-->src/main/AndroidManifest.xml:5:1-9:15
32        <provider
32-->src/main/AndroidManifest.xml:6:1-8:12
33            android:name="org.apache.cordova.camera.FileProvider"
33-->src/main/AndroidManifest.xml:6:11-64
34            android:authorities="${applicationId}.cordova.plugin.camera.provider"
34-->src/main/AndroidManifest.xml:6:65-134
35            android:exported="false"
35-->src/main/AndroidManifest.xml:6:135-159
36            android:grantUriPermissions="true" >
36-->src/main/AndroidManifest.xml:6:160-194
37            <meta-data
37-->src/main/AndroidManifest.xml:7:3-112
38                android:name="android.support.FILE_PROVIDER_PATHS"
38-->src/main/AndroidManifest.xml:7:14-64
39                android:resource="@xml/camera_provider_paths" />
39-->src/main/AndroidManifest.xml:7:65-110
40        </provider>
41    </application>
42
43</manifest>